Build started 2014-11-26 9:56:09 AM.
     1>Project "C:\Users\Harley\cppprojects\Pong\SDL Project1\SDL Project1\SDL Project1.vcxproj" on node 2 (Build target(s)).
     1>ClCompile:
         C:\Program Files (x86)\Microsoft Visual Studio 11.0\VC\bin\CL.exe /c /I"C:\cppLib\glut-3.7.6-bin" /IC:\cppLib\glm\glm /I"C:\cppLib\SDL2-2.0.1\include" /ZI /nologo /W3 /WX- /sdl /Od /Oy- /D _MBCS /Gm /EHsc /RTC1 /MD /GS /fp:precise /Zc:wchar_t /Zc:forScope /Fo"Debug\\" /Fd"Debug\vc110.pdb" /Gd /TP /analyze- /errorReport:prompt ChargedParticle.cpp Source.cpp
         Source.cpp
     1>c:\users\harley\cppprojects\pong\sdl project1\sdl project1\chargedparticle.h(53): warning C4101: 'theta' : unreferenced local variable
     1>c:\users\harley\cppprojects\pong\sdl project1\sdl project1\chargedparticle.h(71): warning C4018: '<' : signed/unsigned mismatch
     1>c:\users\harley\cppprojects\pong\sdl project1\sdl project1\source.cpp(47): warning C4018: '<' : signed/unsigned mismatch
     1>c:\users\harley\cppprojects\pong\sdl project1\sdl project1\source.cpp(91): warning C4018: '<' : signed/unsigned mismatch
     1>c:\users\harley\cppprojects\pong\sdl project1\sdl project1\source.cpp(114): warning C4018: '<' : signed/unsigned mismatch
     1>c:\users\harley\cppprojects\pong\sdl project1\sdl project1\source.cpp(119): warning C4018: '<' : signed/unsigned mismatch
     1>c:\users\harley\cppprojects\pong\sdl project1\sdl project1\source.cpp(124): warning C4018: '<' : signed/unsigned mismatch
     1>c:\users\harley\cppprojects\pong\sdl project1\sdl project1\source.cpp(129): warning C4018: '<' : signed/unsigned mismatch
     1>c:\users\harley\cppprojects\pong\sdl project1\sdl project1\source.cpp(319): warning C4018: '<' : signed/unsigned mismatch
     1>c:\users\harley\cppprojects\pong\sdl project1\sdl project1\source.cpp(332): warning C4018: '<' : signed/unsigned mismatch
     1>c:\users\harley\cppprojects\pong\sdl project1\sdl project1\source.cpp(482): warning C4018: '>=' : signed/unsigned mismatch
     1>c:\users\harley\cppprojects\pong\sdl project1\sdl project1\source.cpp(498): warning C4018: '>=' : signed/unsigned mismatch
     1>c:\users\harley\cppprojects\pong\sdl project1\sdl project1\source.cpp(500): warning C4018: '<' : signed/unsigned mismatch
     1>c:\users\harley\cppprojects\pong\sdl project1\sdl project1\source.cpp(580): warning C4018: '<' : signed/unsigned mismatch
     1>c:\users\harley\cppprojects\pong\sdl project1\sdl project1\source.cpp(657): warning C4018: '<' : signed/unsigned mismatch
     1>c:\users\harley\cppprojects\pong\sdl project1\sdl project1\source.cpp(798): warning C4018: '<' : signed/unsigned mismatch
     1>c:\users\harley\cppprojects\pong\sdl project1\sdl project1\source.cpp(800): warning C4018: '<' : signed/unsigned mismatch
     1>c:\users\harley\cppprojects\pong\sdl project1\sdl project1\source.cpp(806): warning C4018: '<' : signed/unsigned mismatch
         ChargedParticle.cpp
     1>c:\users\harley\cppprojects\pong\sdl project1\sdl project1\chargedparticle.h(53): warning C4101: 'theta' : unreferenced local variable
     1>c:\users\harley\cppprojects\pong\sdl project1\sdl project1\chargedparticle.h(71): warning C4018: '<' : signed/unsigned mismatch
     1>c:\users\harley\cppprojects\pong\sdl project1\sdl project1\chargedparticle.cpp(78): warning C4018: '<' : signed/unsigned mismatch
         Generating Code...
       Link:
         C:\Program Files (x86)\Microsoft Visual Studio 11.0\VC\bin\link.exe /ERRORREPORT:PROMPT /OUT:"C:\Users\Harley\cppprojects\Pong\SDL Project1\Debug\SDL Project1.exe" /INCREMENTAL /NOLOGO /LIBPATH:"C:\cppLib\glut-3.7.6-bin" /LIBPATH:"C:\cppLib\SDL2-2.0.1\lib\x86" glut32.lib SDL2.lib SDL2main.lib kernel32.lib user32.lib gdi32.lib winspool.lib comdlg32.lib advapi32.lib shell32.lib ole32.lib oleaut32.lib uuid.lib odbc32.lib odbccp32.lib /MANIFEST /MANIFESTUAC:"level='asInvoker' uiAccess='false'" /manifest:embed /DEBUG /PDB:"C:\Users\Harley\cppprojects\Pong\SDL Project1\Debug\SDL Project1.pdb" /SUBSYSTEM:CONSOLE /TLBID:1 /DYNAMICBASE /NXCOMPAT /IMPLIB:"C:\Users\Harley\cppprojects\Pong\SDL Project1\Debug\SDL Project1.lib" /MACHINE:X86 Debug\AddFieldWindow.obj
         Debug\AddParticleWindow.obj
         Debug\ChargedParticle.obj
         Debug\Entity.obj
         Debug\Source.obj
         Debug\TimedSplashScreen.obj
         Debug\Vector3.obj
         Debug\Wnd32.obj
         SDL Project1.vcxproj -> C:\Users\Harley\cppprojects\Pong\SDL Project1\Debug\SDL Project1.exe
     1>Done Building Project "C:\Users\Harley\cppprojects\Pong\SDL Project1\SDL Project1\SDL Project1.vcxproj" (Build target(s)).

Build succeeded.

Time Elapsed 00:00:03.00
